0 info it worked if it ends with ok
1 verbose cli [ 'node', '/usr/local/bin/npm', 'install' ]
2 info using npm@2.11.3
3 info using node@v0.12.7
4 verbose readDependencies loading dependencies from /Users/JacquelineWilliams/dev/projects_2015/learning_node/project_2/package.json
5 warn package.json @ No description
6 warn package.json @ No repository field.
7 warn package.json @ No README data
8 warn package.json @ No license field.
9 verbose install where, deps [ '/Users/JacquelineWilliams/dev/projects_2015/learning_node/project_2',
9 verbose install   [ 'request' ] ]
10 verbose install where, peers [ '/Users/JacquelineWilliams/dev/projects_2015/learning_node/project_2',
10 verbose install   [] ]
11 verbose installManyTop reading for lifecycle /Users/JacquelineWilliams/dev/projects_2015/learning_node/project_2/package.json
12 info preinstall @
13 verbose readDependencies loading dependencies from /Users/JacquelineWilliams/dev/projects_2015/learning_node/project_2/package.json
14 silly cache add args [ 'request@', null ]
15 verbose cache add spec request@
16 silly cache add parsed spec { raw: 'request@',
16 silly cache add   scope: null,
16 silly cache add   name: 'request',
16 silly cache add   rawSpec: '',
16 silly cache add   spec: '*',
16 silly cache add   type: 'range' }
17 silly addNamed request@*
18 verbose addNamed "*" is a valid semver range for request
19 silly addNameRange { name: 'request', range: '*', hasData: false }
20 silly mapToRegistry name request
21 silly mapToRegistry using default registry
22 silly mapToRegistry registry https://registry.npmjs.org/
23 silly mapToRegistry uri https://registry.npmjs.org/request
24 verbose addNameRange registry:https://registry.npmjs.org/request not in flight; fetching
25 verbose request uri https://registry.npmjs.org/request
26 verbose request no auth needed
27 info attempt registry request try #1 at 7:32:53 PM
28 verbose request id 30635e307c863a84
29 verbose etag "YI9OE3FC9B6OJQ2VEJ6KMKQU"
30 http request GET https://registry.npmjs.org/request
31 http 200 https://registry.npmjs.org/request
32 silly get cb [ 200,
32 silly get   { server: 'CouchDB/1.5.0 (Erlang OTP/R16B03)',
32 silly get     etag: '"1W7KHC5YMQVWSZZLDQXV6MU9O"',
32 silly get     'content-type': 'application/json',
32 silly get     'cache-control': 'max-age=60',
32 silly get     'content-length': '172544',
32 silly get     'accept-ranges': 'bytes',
32 silly get     date: 'Sun, 04 Oct 2015 23:32:53 GMT',
32 silly get     via: '1.1 varnish',
32 silly get     age: '37',
32 silly get     connection: 'keep-alive',
32 silly get     'x-served-by': 'cache-iad2150-IAD',
32 silly get     'x-cache': 'HIT',
32 silly get     'x-cache-hits': '1',
32 silly get     'x-timer': 'S1444001573.729343,VS0,VE1',
32 silly get     vary: 'Accept' } ]
33 verbose get saving request to /Users/JacquelineWilliams/.npm/registry.npmjs.org/request/.cache.json
34 silly addNameRange number 2 { name: 'request', range: '*', hasData: true }
35 silly addNameRange versions [ 'request',
35 silly addNameRange   [ '0.10.0',
35 silly addNameRange     '0.8.3',
35 silly addNameRange     '0.9.0',
35 silly addNameRange     '0.9.1',
35 silly addNameRange     '0.9.5',
35 silly addNameRange     '1.0.0',
35 silly addNameRange     '1.1.0',
35 silly addNameRange     '1.1.1',
35 silly addNameRange     '1.2.0',
35 silly addNameRange     '1.9.0',
35 silly addNameRange     '1.9.1',
35 silly addNameRange     '1.9.2',
35 silly addNameRange     '1.9.3',
35 silly addNameRange     '1.9.5',
35 silly addNameRange     '1.9.7',
35 silly addNameRange     '1.9.8',
35 silly addNameRange     '1.9.9',
35 silly addNameRange     '2.0.0',
35 silly addNameRange     '2.0.1',
35 silly addNameRange     '2.0.2',
35 silly addNameRange     '2.0.3',
35 silly addNameRange     '2.0.4',
35 silly addNameRange     '2.0.5',
35 silly addNameRange     '2.1.0',
35 silly addNameRange     '2.1.1',
35 silly addNameRange     '2.2.0',
35 silly addNameRange     '2.2.5',
35 silly addNameRange     '2.2.6',
35 silly addNameRange     '2.2.9',
35 silly addNameRange     '2.9.0',
35 silly addNameRange     '2.9.1',
35 silly addNameRange     '2.9.2',
35 silly addNameRange     '2.9.3',
35 silly addNameRange     '2.9.100',
35 silly addNameRange     '2.9.150',
35 silly addNameRange     '2.9.151',
35 silly addNameRange     '2.9.152',
35 silly addNameRange     '2.9.153',
35 silly addNameRange     '2.9.200',
35 silly addNameRange     '2.9.201',
35 silly addNameRange     '2.9.202',
35 silly addNameRange     '2.9.203',
35 silly addNameRange     '2.10.0',
35 silly addNameRange     '2.11.0',
35 silly addNameRange     '2.11.1',
35 silly addNameRange     '2.11.2',
35 silly addNameRange     '2.11.3',
35 silly addNameRange     '2.11.4',
35 silly addNameRange     '2.12.0',
35 silly addNameRange     '2.14.0',
35 silly addNameRange     '2.16.0',
35 silly addNameRange     '2.16.2',
35 silly addNameRange     '2.16.4',
35 silly addNameRange     '2.16.6',
35 silly addNameRange     '2.18.0',
35 silly addNameRange     '2.19.0',
35 silly addNameRange     '2.20.0',
35 silly addNameRange     '2.21.0',
35 silly addNameRange     '2.22.0',
35 silly addNameRange     '2.23.0',
35 silly addNameRange     '2.24.0',
35 silly addNameRange     '2.25.0',
35 silly addNameRange     '2.26.0',
35 silly addNameRange     '2.27.0',
35 silly addNameRange     '2.28.0',
35 silly addNameRange     '2.29.0',
35 silly addNameRange     '2.30.0',
35 silly addNameRange     '2.31.0',
35 silly addNameRange     '2.32.0',
35 silly addNameRange     '2.33.0',
35 silly addNameRange     '2.34.0',
35 silly addNameRange     '2.35.0',
35 silly addNameRange     '2.36.0',
35 silly addNameRange     '2.37.0',
35 silly addNameRange     '2.38.0',
35 silly addNameRange     '2.39.0',
35 silly addNameRange     '2.40.0',
35 silly addNameRange     '2.41.0',
35 silly addNameRange     '2.42.0',
35 silly addNameRange     '2.43.0',
35 silly addNameRange     '2.44.0',
35 silly addNameRange     '2.45.0',
35 silly addNameRange     '2.46.0',
35 silly addNameRange     '2.47.0',
35 silly addNameRange     '2.48.0',
35 silly addNameRange     '2.49.0',
35 silly addNameRange     '2.50.0',
35 silly addNameRange     '2.51.0',
35 silly addNameRange     '2.52.0',
35 silly addNameRange     '2.53.0',
35 silly addNameRange     '2.54.0',
35 silly addNameRange     '2.55.0',
35 silly addNameRange     '2.56.0',
35 silly addNameRange     '2.57.0',
35 silly addNameRange     '2.58.0',
35 silly addNameRange     '2.59.0',
35 silly addNameRange     '2.60.0',
35 silly addNameRange     '2.61.0',
35 silly addNameRange     '2.62.0',
35 silly addNameRange     '2.63.0',
35 silly addNameRange     '2.64.0' ] ]
36 silly addNamed request@2.64.0
37 verbose addNamed "2.64.0" is a plain semver version for request
38 silly mapToRegistry name request
39 silly mapToRegistry using default registry
40 silly mapToRegistry registry https://registry.npmjs.org/
41 silly mapToRegistry uri https://registry.npmjs.org/request
42 verbose addRemoteTarball https://registry.npmjs.org/request/-/request-2.64.0.tgz not in flight; adding
43 verbose addRemoteTarball [ 'https://registry.npmjs.org/request/-/request-2.64.0.tgz',
43 verbose addRemoteTarball   '96a582423ce9b4b5c34e9b232e480173f14ba608' ]
44 info retry fetch attempt 1 at 7:32:53 PM
45 info attempt registry request try #1 at 7:32:53 PM
46 http fetch GET https://registry.npmjs.org/request/-/request-2.64.0.tgz
47 http fetch 200 https://registry.npmjs.org/request/-/request-2.64.0.tgz
48 silly fetchAndShaCheck shasum 96a582423ce9b4b5c34e9b232e480173f14ba608
49 verbose addTmpTarball /var/folders/dk/93l05jps2gv7jv4ym2v8kq7c0000gn/T/npm-853-3c19c8c3/registry.npmjs.org/request/-/request-2.64.0.tgz not in flight; adding
50 verbose addTmpTarball already have metadata; skipping unpack for request@2.64.0
51 silly cache afterAdd request@2.64.0
52 verbose afterAdd /Users/JacquelineWilliams/.npm/request/2.64.0/package/package.json not in flight; writing
53 verbose afterAdd /Users/JacquelineWilliams/.npm/request/2.64.0/package/package.json written
54 silly install resolved [ { name: 'request',
54 silly install resolved     description: 'Simplified HTTP request client.',
54 silly install resolved     tags: [ 'http', 'simple', 'util', 'utility' ],
54 silly install resolved     version: '2.64.0',
54 silly install resolved     author: { name: 'Mikeal Rogers', email: 'mikeal.rogers@gmail.com' },
54 silly install resolved     repository:
54 silly install resolved      { type: 'git',
54 silly install resolved        url: 'git+https://github.com/request/request.git' },
54 silly install resolved     bugs: { url: 'http://github.com/request/request/issues' },
54 silly install resolved     license: 'Apache-2.0',
54 silly install resolved     engines: { node: '>=0.8.0' },
54 silly install resolved     main: 'index.js',
54 silly install resolved     dependencies:
54 silly install resolved      { bl: '~1.0.0',
54 silly install resolved        caseless: '~0.11.0',
54 silly install resolved        extend: '~3.0.0',
54 silly install resolved        'forever-agent': '~0.6.0',
54 silly install resolved        'form-data': '~1.0.0-rc1',
54 silly install resolved        'json-stringify-safe': '~5.0.0',
54 silly install resolved        'mime-types': '~2.1.2',
54 silly install resolved        'node-uuid': '~1.4.0',
54 silly install resolved        qs: '~5.1.0',
54 silly install resolved        'tunnel-agent': '~0.4.0',
54 silly install resolved        'tough-cookie': '>=0.12.0',
54 silly install resolved        'http-signature': '~0.11.0',
54 silly install resolved        'oauth-sign': '~0.8.0',
54 silly install resolved        hawk: '~3.1.0',
54 silly install resolved        'aws-sign2': '~0.5.0',
54 silly install resolved        stringstream: '~0.0.4',
54 silly install resolved        'combined-stream': '~1.0.1',
54 silly install resolved        isstream: '~0.1.1',
54 silly install resolved        'har-validator': '^1.6.1' },
54 silly install resolved     scripts:
54 silly install resolved      { test: 'npm run lint && npm run test-ci && npm run test-browser',
54 silly install resolved        'test-ci': 'taper tests/test-*.js',
54 silly install resolved        'test-cov': 'istanbul cover tape tests/test-*.js',
54 silly install resolved        'test-browser': 'node tests/browser/start.js',
54 silly install resolved        lint: 'eslint lib/ *.js tests/ && echo Lint passed.' },
54 silly install resolved     devDependencies:
54 silly install resolved      { browserify: '~5.9.1',
54 silly install resolved        'browserify-istanbul': '~0.1.3',
54 silly install resolved        'buffer-equal': '0.0.1',
54 silly install resolved        'codecov.io': '~0.1.2',
54 silly install resolved        coveralls: '~2.11.2',
54 silly install resolved        eslint: '0.18.0',
54 silly install resolved        'function-bind': '~1.0.0',
54 silly install resolved        istanbul: '~0.3.2',
54 silly install resolved        karma: '~0.12.21',
54 silly install resolved        'karma-browserify': '~3.0.1',
54 silly install resolved        'karma-cli': '0.0.4',
54 silly install resolved        'karma-coverage': '0.2.6',
54 silly install resolved        'karma-phantomjs-launcher': '~0.1.4',
54 silly install resolved        'karma-tap': '~1.0.1',
54 silly install resolved        rimraf: '~2.2.8',
54 silly install resolved        'server-destroy': '~1.0.0',
54 silly install resolved        tape: '~3.0.0',
54 silly install resolved        taper: '~0.4.0',
54 silly install resolved        bluebird: '~2.9.21' },
54 silly install resolved     gitHead: 'ca364485249f13c4810bb9b3952fb0fb886a93ee',
54 silly install resolved     homepage: 'https://github.com/request/request#readme',
54 silly install resolved     _id: 'request@2.64.0',
54 silly install resolved     _shasum: '96a582423ce9b4b5c34e9b232e480173f14ba608',
54 silly install resolved     _from: 'request@*',
54 silly install resolved     _npmVersion: '2.14.3',
54 silly install resolved     _nodeVersion: '4.1.0',
54 silly install resolved     _npmUser: { name: 'simov', email: 'simeonvelichkov@gmail.com' },
54 silly install resolved     maintainers: [ [Object], [Object], [Object], [Object] ],
54 silly install resolved     dist:
54 silly install resolved      { shasum: '96a582423ce9b4b5c34e9b232e480173f14ba608',
54 silly install resolved        tarball: 'http://registry.npmjs.org/request/-/request-2.64.0.tgz' },
54 silly install resolved     directories: {},
54 silly install resolved     _resolved: 'https://registry.npmjs.org/request/-/request-2.64.0.tgz' } ]
55 info install request@2.64.0 into /Users/JacquelineWilliams/dev/projects_2015/learning_node/project_2
56 info installOne request@2.64.0
57 verbose installOne of request to /Users/JacquelineWilliams/dev/projects_2015/learning_node/project_2 not in flight; installing
58 warn locking Error: EACCES, open '/Users/JacquelineWilliams/.npm/_locks/request-4cfbe8df796edc27.lock'
58 warn locking     at Error (native)
58 warn locking  /Users/JacquelineWilliams/.npm/_locks/request-4cfbe8df796edc27.lock failed { [Error: EACCES, open '/Users/JacquelineWilliams/.npm/_locks/request-4cfbe8df796edc27.lock']
58 warn locking   errno: -13,
58 warn locking   code: 'EACCES',
58 warn locking   path: '/Users/JacquelineWilliams/.npm/_locks/request-4cfbe8df796edc27.lock' }
59 verbose stack Error: Attempt to unlock /Users/JacquelineWilliams/dev/projects_2015/learning_node/project_2/node_modules/request, which hasn't been locked
59 verbose stack     at unlock (/usr/local/lib/node_modules/npm/lib/utils/locker.js:66:11)
59 verbose stack     at cb (/usr/local/lib/node_modules/npm/lib/install.js:1017:5)
59 verbose stack     at /usr/local/lib/node_modules/npm/lib/install.js:1021:20
59 verbose stack     at /usr/local/lib/node_modules/npm/lib/utils/locker.js:40:9
59 verbose stack     at cb (/usr/local/lib/node_modules/npm/node_modules/lockfile/lockfile.js:149:38)
59 verbose stack     at /usr/local/lib/node_modules/npm/node_modules/lockfile/lockfile.js:177:38
59 verbose stack     at FSReqWrap.oncomplete (fs.js:95:15)
60 verbose cwd /Users/JacquelineWilliams/dev/projects_2015/learning_node/project_2
61 error Darwin 13.4.0
62 error argv "node" "/usr/local/bin/npm" "install"
63 error node v0.12.7
64 error npm  v2.11.3
65 error Attempt to unlock /Users/JacquelineWilliams/dev/projects_2015/learning_node/project_2/node_modules/request, which hasn't been locked
66 error If you need help, you may report this error at:
66 error     <https://github.com/npm/npm/issues>
67 verbose exit [ 1, true ]
