0 info it worked if it ends with ok
1 verbose cli [ 'node', '/usr/local/bin/npm', 'install' ]
2 info using npm@2.11.3
3 info using node@v0.12.7
4 verbose readDependencies loading dependencies from /Users/JacquelineWilliams/dev/projects_2015/learning_node/project_2/package.json
5 warn package.json @ No description
6 warn package.json @ No repository field.
7 warn package.json @ No README data
8 warn package.json @ No license field.
9 verbose install where, deps [ '/Users/JacquelineWilliams/dev/projects_2015/learning_node/project_2',
9 verbose install   [ 'jasmine-node' ] ]
10 verbose install where, peers [ '/Users/JacquelineWilliams/dev/projects_2015/learning_node/project_2',
10 verbose install   [] ]
11 verbose installManyTop reading for lifecycle /Users/JacquelineWilliams/dev/projects_2015/learning_node/project_2/package.json
12 info preinstall @
13 verbose readDependencies loading dependencies from /Users/JacquelineWilliams/dev/projects_2015/learning_node/project_2/package.json
14 silly cache add args [ 'jasmine-node@', null ]
15 verbose cache add spec jasmine-node@
16 silly cache add parsed spec { raw: 'jasmine-node@',
16 silly cache add   scope: null,
16 silly cache add   name: 'jasmine-node',
16 silly cache add   rawSpec: '',
16 silly cache add   spec: '*',
16 silly cache add   type: 'range' }
17 silly addNamed jasmine-node@*
18 verbose addNamed "*" is a valid semver range for jasmine-node
19 silly addNameRange { name: 'jasmine-node', range: '*', hasData: false }
20 silly mapToRegistry name jasmine-node
21 silly mapToRegistry using default registry
22 silly mapToRegistry registry https://registry.npmjs.org/
23 silly mapToRegistry uri https://registry.npmjs.org/jasmine-node
24 verbose addNameRange registry:https://registry.npmjs.org/jasmine-node not in flight; fetching
25 verbose request uri https://registry.npmjs.org/jasmine-node
26 verbose request no auth needed
27 info attempt registry request try #1 at 7:50:39 PM
28 verbose request id f62c57fc8e30eb22
29 http request GET https://registry.npmjs.org/jasmine-node
30 http 200 https://registry.npmjs.org/jasmine-node
31 silly get cb [ 200,
31 silly get   { server: 'CouchDB/1.5.0 (Erlang OTP/R16B03)',
31 silly get     etag: '"EEK01DS1FLOBXN7BVSXWNYUV0"',
31 silly get     'content-type': 'application/json',
31 silly get     'cache-control': 'max-age=60',
31 silly get     'content-length': '95028',
31 silly get     'accept-ranges': 'bytes',
31 silly get     date: 'Sun, 04 Oct 2015 23:50:40 GMT',
31 silly get     via: '1.1 varnish',
31 silly get     age: '0',
31 silly get     connection: 'keep-alive',
31 silly get     'x-served-by': 'cache-jfk1024-JFK',
31 silly get     'x-cache': 'HIT',
31 silly get     'x-cache-hits': '1',
31 silly get     'x-timer': 'S1444002640.036247,VS0,VE372',
31 silly get     vary: 'Accept' } ]
32 verbose get saving jasmine-node to /Users/JacquelineWilliams/.npm/registry.npmjs.org/jasmine-node/.cache.json
33 silly addNameRange number 2 { name: 'jasmine-node', range: '*', hasData: true }
34 silly addNameRange versions [ 'jasmine-node',
34 silly addNameRange   [ '1.0.1',
34 silly addNameRange     '1.0.2',
34 silly addNameRange     '1.0.3',
34 silly addNameRange     '1.0.4',
34 silly addNameRange     '1.0.5',
34 silly addNameRange     '1.0.6',
34 silly addNameRange     '1.0.7',
34 silly addNameRange     '1.0.8',
34 silly addNameRange     '1.0.9',
34 silly addNameRange     '1.0.10',
34 silly addNameRange     '1.0.11',
34 silly addNameRange     '1.0.12',
34 silly addNameRange     '1.0.13',
34 silly addNameRange     '1.0.15',
34 silly addNameRange     '1.0.16',
34 silly addNameRange     '1.0.17',
34 silly addNameRange     '1.0.18',
34 silly addNameRange     '1.0.19',
34 silly addNameRange     '1.0.20',
34 silly addNameRange     '1.0.21',
34 silly addNameRange     '1.0.22',
34 silly addNameRange     '1.0.23',
34 silly addNameRange     '1.0.24',
34 silly addNameRange     '1.0.25',
34 silly addNameRange     '1.0.26',
34 silly addNameRange     '1.0.27',
34 silly addNameRange     '1.0.28',
34 silly addNameRange     '1.1.0',
34 silly addNameRange     '1.2.0',
34 silly addNameRange     '1.2.1',
34 silly addNameRange     '1.2.2',
34 silly addNameRange     '1.2.3',
34 silly addNameRange     '1.3.0',
34 silly addNameRange     '1.3.1',
34 silly addNameRange     '1.4.0',
34 silly addNameRange     '1.5.0',
34 silly addNameRange     '1.6.0',
34 silly addNameRange     '1.7.0',
34 silly addNameRange     '1.7.1',
34 silly addNameRange     '1.8.0',
34 silly addNameRange     '1.8.1',
34 silly addNameRange     '1.9.0',
34 silly addNameRange     '1.9.1',
34 silly addNameRange     '1.10.0',
34 silly addNameRange     '1.10.1',
34 silly addNameRange     '1.10.2',
34 silly addNameRange     '1.11.0',
34 silly addNameRange     '1.12.0',
34 silly addNameRange     '1.12.1',
34 silly addNameRange     '1.13.0',
34 silly addNameRange     '1.13.1',
34 silly addNameRange     '1.14.0',
34 silly addNameRange     '1.14.1',
34 silly addNameRange     '2.0.0',
34 silly addNameRange     '1.14.2',
34 silly addNameRange     '2.0.0-beta1',
34 silly addNameRange     '2.0.0-beta2',
34 silly addNameRange     '2.0.0-beta3',
34 silly addNameRange     '1.14.3',
34 silly addNameRange     '2.0.0-beta4',
34 silly addNameRange     '1.14.4',
34 silly addNameRange     '1.14.5',
34 silly addNameRange     '1.0.0-rc1',
34 silly addNameRange     '1.0.0-rc2',
34 silly addNameRange     '1.0.0-rc3' ] ]
35 silly addNamed jasmine-node@1.14.5
36 verbose addNamed "1.14.5" is a plain semver version for jasmine-node
37 silly mapToRegistry name jasmine-node
38 silly mapToRegistry using default registry
39 silly mapToRegistry registry https://registry.npmjs.org/
40 silly mapToRegistry uri https://registry.npmjs.org/jasmine-node
41 verbose addRemoteTarball https://registry.npmjs.org/jasmine-node/-/jasmine-node-1.14.5.tgz not in flight; adding
42 verbose addRemoteTarball [ 'https://registry.npmjs.org/jasmine-node/-/jasmine-node-1.14.5.tgz',
42 verbose addRemoteTarball   '18e8397b856924ee77003666c3731b5aea50c39d' ]
43 info retry fetch attempt 1 at 7:50:41 PM
44 info attempt registry request try #1 at 7:50:41 PM
45 http fetch GET https://registry.npmjs.org/jasmine-node/-/jasmine-node-1.14.5.tgz
46 http fetch 200 https://registry.npmjs.org/jasmine-node/-/jasmine-node-1.14.5.tgz
47 silly fetchAndShaCheck shasum 18e8397b856924ee77003666c3731b5aea50c39d
48 verbose addTmpTarball /var/folders/dk/93l05jps2gv7jv4ym2v8kq7c0000gn/T/npm-999-7d80a4b6/registry.npmjs.org/jasmine-node/-/jasmine-node-1.14.5.tgz not in flight; adding
49 verbose addTmpTarball already have metadata; skipping unpack for jasmine-node@1.14.5
50 silly cache afterAdd jasmine-node@1.14.5
51 verbose afterAdd /Users/JacquelineWilliams/.npm/jasmine-node/1.14.5/package/package.json not in flight; writing
52 verbose afterAdd /Users/JacquelineWilliams/.npm/jasmine-node/1.14.5/package/package.json written
53 silly install resolved [ { name: 'jasmine-node',
53 silly install resolved     version: '1.14.5',
53 silly install resolved     description: 'DOM-less simple JavaScript BDD testing framework for Node',
53 silly install resolved     contributors: [ [Object] ],
53 silly install resolved     homepage: 'https://github.com/mhevery/jasmine-node',
53 silly install resolved     repository:
53 silly install resolved      { type: 'git',
53 silly install resolved        url: 'https://github.com/mhevery/jasmine-node.git' },
53 silly install resolved     keywords: [ 'testing', 'bdd' ],
53 silly install resolved     author: { name: 'Misko Hevery', email: 'misko@hevery.com' },
53 silly install resolved     maintainers: [ [Object], [Object] ],
53 silly install resolved     licenses: [ 'MIT' ],
53 silly install resolved     dependencies:
53 silly install resolved      { 'coffee-script': '>=1.0.1',
53 silly install resolved        'jasmine-reporters': '~1.0.0',
53 silly install resolved        'jasmine-growl-reporter': '~0.0.2',
53 silly install resolved        requirejs: '>=0.27.1',
53 silly install resolved        walkdir: '>= 0.0.1',
53 silly install resolved        underscore: '>= 1.3.1',
53 silly install resolved        gaze: '~0.3.2',
53 silly install resolved        mkdirp: '~0.3.5' },
53 silly install resolved     bin: { 'jasmine-node': 'bin/jasmine-node' },
53 silly install resolved     preferGlobal: true,
53 silly install resolved     main: 'lib/jasmine-node',
53 silly install resolved     scripts: { test: 'node lib/jasmine-node/cli.js spec' },
53 silly install resolved     devDependencies: {},
53 silly install resolved     bugs: { url: 'https://github.com/mhevery/jasmine-node/issues' },
53 silly install resolved     _id: 'jasmine-node@1.14.5',
53 silly install resolved     _shasum: '18e8397b856924ee77003666c3731b5aea50c39d',
53 silly install resolved     _from: 'jasmine-node@*',
53 silly install resolved     _npmVersion: '1.4.9',
53 silly install resolved     _npmUser: { name: 'tebriel', email: 'tebriel@gmail.com' },
53 silly install resolved     dist:
53 silly install resolved      { shasum: '18e8397b856924ee77003666c3731b5aea50c39d',
53 silly install resolved        tarball: 'http://registry.npmjs.org/jasmine-node/-/jasmine-node-1.14.5.tgz' },
53 silly install resolved     directories: {},
53 silly install resolved     _resolved: 'https://registry.npmjs.org/jasmine-node/-/jasmine-node-1.14.5.tgz' } ]
54 info install jasmine-node@1.14.5 into /Users/JacquelineWilliams/dev/projects_2015/learning_node/project_2
55 info installOne jasmine-node@1.14.5
56 verbose installOne of jasmine-node to /Users/JacquelineWilliams/dev/projects_2015/learning_node/project_2 not in flight; installing
57 warn locking Error: EACCES, open '/Users/JacquelineWilliams/.npm/_locks/jasmine-node-cdd05f2a3127ce10.lock'
57 warn locking     at Error (native)
57 warn locking  /Users/JacquelineWilliams/.npm/_locks/jasmine-node-cdd05f2a3127ce10.lock failed { [Error: EACCES, open '/Users/JacquelineWilliams/.npm/_locks/jasmine-node-cdd05f2a3127ce10.lock']
57 warn locking   errno: -13,
57 warn locking   code: 'EACCES',
57 warn locking   path: '/Users/JacquelineWilliams/.npm/_locks/jasmine-node-cdd05f2a3127ce10.lock' }
58 verbose stack Error: Attempt to unlock /Users/JacquelineWilliams/dev/projects_2015/learning_node/project_2/node_modules/jasmine-node, which hasn't been locked
58 verbose stack     at unlock (/usr/local/lib/node_modules/npm/lib/utils/locker.js:66:11)
58 verbose stack     at cb (/usr/local/lib/node_modules/npm/lib/install.js:1017:5)
58 verbose stack     at /usr/local/lib/node_modules/npm/lib/install.js:1021:20
58 verbose stack     at /usr/local/lib/node_modules/npm/lib/utils/locker.js:40:9
58 verbose stack     at cb (/usr/local/lib/node_modules/npm/node_modules/lockfile/lockfile.js:149:38)
58 verbose stack     at /usr/local/lib/node_modules/npm/node_modules/lockfile/lockfile.js:177:38
58 verbose stack     at FSReqWrap.oncomplete (fs.js:95:15)
59 verbose cwd /Users/JacquelineWilliams/dev/projects_2015/learning_node/project_2/spec
60 error Darwin 13.4.0
61 error argv "node" "/usr/local/bin/npm" "install"
62 error node v0.12.7
63 error npm  v2.11.3
64 error Attempt to unlock /Users/JacquelineWilliams/dev/projects_2015/learning_node/project_2/node_modules/jasmine-node, which hasn't been locked
65 error If you need help, you may report this error at:
65 error     <https://github.com/npm/npm/issues>
66 verbose exit [ 1, true ]
